<?xml version="1.0" encoding="UTF-8"?>
<!-- Generated by org.testng.reporters.JUnitReportReporter -->
<testsuite hostname="Vidya" name="org.utest.com.tests.PracticeTableTest" tests="1" failures="0" timestamp="21 Oct 2019 19:17:48 GMT" time="22.931" errors="0">
  <testcase name="performPracticeTable" time="22.931" classname="org.utest.com.tests.PracticeTableTest"/>
</testsuite> <!-- org.utest.com.tests.PracticeTableTest -->
