<?xml version="1.0" encoding="UTF-8"?>
<!-- Generated by org.testng.reporters.JUnitReportReporter -->
<testsuite hostname="Vidya" name="org.utest.com.tests.TC_001_PracticeTableTest" tests="1" failures="0" timestamp="20 Oct 2019 13:15:37 GMT" time="21.226" errors="0">
  <testcase name="performPracticeTable" time="21.226" classname="org.utest.com.tests.TC_001_PracticeTableTest"/>
</testsuite> <!-- org.utest.com.tests.TC_001_PracticeTableTest -->
